Using pre-set license
Built from '2022.3/staging' branch; Version is '2022.3.45f1 (a13dfa44d684) revision 10567162'; Using compiler version '192829333'; Build Type 'Release'
OS: 'Windows 11  (10.0.22631) 64bit Core' Language: 'en' Physical Memory: 40644 MB
BatchMode: 1, IsHumanControllingUs: 0, StartBugReporterOnCrash: 0, Is64bit: 1, IsPro: 1

COMMAND LINE ARGUMENTS:
C:\Program Files\Unity\Hub\Editor\2022.3.45f1\Editor\Unity.exe
-adb2
-batchMode
-noUpm
-name
AssetImportWorker0
-projectPath
C:/GameDev/Unity/TrinityRiverValley
-logFile
Logs/AssetImportWorker0.log
-srvPort
51343
Successfully changed project path to: C:/GameDev/Unity/TrinityRiverValley
C:/GameDev/Unity/TrinityRiverValley
[UnityMemory] Configuration Parameters - Can be set up in boot.config
    "memorysetup-bucket-allocator-granularity=16"
    "memorysetup-bucket-allocator-bucket-count=8"
    "memorysetup-bucket-allocator-block-size=33554432"
    "memorysetup-bucket-allocator-block-count=8"
    "memorysetup-main-allocator-block-size=16777216"
    "memorysetup-thread-allocator-block-size=16777216"
    "memorysetup-gfx-main-allocator-block-size=16777216"
    "memorysetup-gfx-thread-allocator-block-size=16777216"
    "memorysetup-cache-allocator-block-size=4194304"
    "memorysetup-typetree-allocator-block-size=2097152"
    "memorysetup-profiler-bucket-allocator-granularity=16"
    "memorysetup-profiler-bucket-allocator-bucket-count=8"
    "memorysetup-profiler-bucket-allocator-block-size=33554432"
    "memorysetup-profiler-bucket-allocator-block-count=8"
    "memorysetup-profiler-allocator-block-size=16777216"
    "memorysetup-profiler-editor-allocator-block-size=1048576"
    "memorysetup-temp-allocator-size-main=16777216"
    "memorysetup-job-temp-allocator-block-size=2097152"
    "memorysetup-job-temp-allocator-block-size-background=1048576"
    "memorysetup-job-temp-allocator-reduction-small-platforms=262144"
    "memorysetup-allocator-temp-initial-block-size-main=262144"
    "memorysetup-allocator-temp-initial-block-size-worker=262144"
    "memorysetup-temp-allocator-size-background-worker=32768"
    "memorysetup-temp-allocator-size-job-worker=262144"
    "memorysetup-temp-allocator-size-preload-manager=33554432"
    "memorysetup-temp-allocator-size-nav-mesh-worker=65536"
    "memorysetup-temp-allocator-size-audio-worker=65536"
    "memorysetup-temp-allocator-size-cloud-worker=32768"
    "memorysetup-temp-allocator-size-gi-baking-worker=262144"
    "memorysetup-temp-allocator-size-gfx=262144"
Player connection [24160]  Target information:

Player connection [24160]  * "[IP] 192.168.56.1 [Port] 0 [Flags] 2 [Guid] 3057692785 [EditorId] 3057692785 [Version] 1048832 [Id] WindowsEditor(7,FhawtMaster) [Debug] 1 [PackageName] WindowsEditor [ProjectName] Editor" 

Player connection [24160]  * "[IP] 10.5.0.2 [Port] 0 [Flags] 2 [Guid] 3057692785 [EditorId] 3057692785 [Version] 1048832 [Id] WindowsEditor(7,FhawtMaster) [Debug] 1 [PackageName] WindowsEditor [ProjectName] Editor" 

Player connection [24160]  * "[IP] 192.168.1.69 [Port] 0 [Flags] 2 [Guid] 3057692785 [EditorId] 3057692785 [Version] 1048832 [Id] WindowsEditor(7,FhawtMaster) [Debug] 1 [PackageName] WindowsEditor [ProjectName] Editor" 

Player connection [24160] Host joined multi-casting on [225.0.0.222:54997]...
Player connection [24160] Host joined alternative multi-casting on [225.0.0.222:34997]...
[PhysX] Initialized MultithreadedTaskDispatcher with 20 workers.
Refreshing native plugins compatible for Editor in 7.33 ms, found 3 plugins.
Preloading 0 native plugins for Editor in 0.00 ms.
Initialize engine version: 2022.3.45f1 (a13dfa44d684)
[Subsystems] Discovering subsystems at path C:/Program Files/Unity/Hub/Editor/2022.3.45f1/Editor/Data/Resources/UnitySubsystems
[Subsystems] Discovering subsystems at path C:/GameDev/Unity/TrinityRiverValley/Assets
GfxDevice: creating device client; threaded=0; jobified=0
Direct3D:
    Version:  Direct3D 11.0 [level 11.1]
    Renderer: NVIDIA GeForce RTX 3050 Ti Laptop GPU (ID=0x25a0)
    Vendor:   NVIDIA
    VRAM:     3965 MB
    Driver:   32.0.15.6094
Initialize mono
Mono path[0] = 'C:/Program Files/Unity/Hub/Editor/2022.3.45f1/Editor/Data/Managed'
Mono path[1] = 'C:/Program Files/Unity/Hub/Editor/2022.3.45f1/Editor/Data/MonoBleedingEdge/lib/mono/unityjit-win32'
Mono config path = 'C:/Program Files/Unity/Hub/Editor/2022.3.45f1/Editor/Data/MonoBleedingEdge/etc'
Using monoOptions --debugger-agent=transport=dt_socket,embedding=1,server=y,suspend=n,address=127.0.0.1:56128
Begin MonoManager ReloadAssembly
Registering precompiled unity dll's ...
Register platform support module: C:/Program Files/Unity/Hub/Editor/2022.3.45f1/Editor/Data/PlaybackEngines/WindowsStandaloneSupport/UnityEditor.WindowsStandalone.Extensions.dll
Registered in 0.004936 seconds.
- Loaded All Assemblies, in  0.308 seconds
Native extension for WindowsStandalone target not found
Mono: successfully reloaded assembly
- Finished resetting the current domain, in  0.232 seconds
Domain Reload Profiling: 539ms
	BeginReloadAssembly (99ms)
		ExecutionOrderSort (0ms)
		DisableScriptedObjects (0ms)
		BackupInstance (0ms)
		ReleaseScriptingObjects (0ms)
		CreateAndSetChildDomain (1ms)
	RebuildCommonClasses (26ms)
	RebuildNativeTypeToScriptingClass (8ms)
	initialDomainReloadingComplete (47ms)
	LoadAllAssembliesAndSetupDomain (126ms)
		LoadAssemblies (97ms)
		RebuildTransferFunctionScriptingTraits (0ms)
		AnalyzeDomain (124ms)
			TypeCache.Refresh (123ms)
				TypeCache.ScanAssembly (112ms)
			ScanForSourceGeneratedMonoScriptInfo (0ms)
			ResolveRequiredComponents (0ms)
	FinalizeReload (233ms)
		ReleaseScriptCaches (0ms)
		RebuildScriptCaches (0ms)
		SetupLoadedEditorAssemblies (192ms)
			LogAssemblyErrors (0ms)
			InitializePlatformSupportModulesInManaged (11ms)
			SetLoadedEditorAssemblies (8ms)
			RefreshPlugins (0ms)
			BeforeProcessingInitializeOnLoad (2ms)
			ProcessInitializeOnLoadAttributes (129ms)
			ProcessInitializeOnLoadMethodAttributes (42ms)
			AfterProcessingInitializeOnLoad (0ms)
			EditorAssembliesLoaded (0ms)
		ExecutionOrderSort2 (0ms)
		AwakeInstancesAfterBackupRestoration (0ms)
Assembly reference Packages/com.unity.cinemachine/Editor/Samples/ExposeHDRPInternals/HDRP-Editor-ref.asmref has no target assembly definition
========================================================================
Worker process is ready to serve import requests
Caller must complete domain reload
Assembly reference Packages/com.unity.cinemachine/Editor/Samples/ExposeHDRPInternals/HDRP-Editor-ref.asmref has no target assembly definition
Begin MonoManager ReloadAssembly
- Loaded All Assemblies, in  0.582 seconds
Native extension for WindowsStandalone target not found
Assembly reference Packages/com.unity.cinemachine/Editor/Samples/ExposeHDRPInternals/HDRP-Editor-ref.asmref has no target assembly definition
Package Manager log level set to [2]
[Package Manager] Server::EnsureServerProcessIsRunning -- launch failed, reason: Unity was launched with the -noUpm command-line argument
[Package Manager] UpmClient::Send -- Unable to send message (not connected to UPM process).
[Package Manager] Cannot connect to Unity Package Manager local server
[Package Manager] Server::EnsureServerProcessIsRunning -- launch failed, reason: Unity was launched with the -noUpm command-line argument
[Package Manager] UpmClient::Send -- Unable to send message (not connected to UPM process).
[Package Manager] Cannot connect to Unity Package Manager local server
Mono: successfully reloaded assembly
- Finished resetting the current domain, in  0.728 seconds
Domain Reload Profiling: 1309ms
	BeginReloadAssembly (125ms)
		ExecutionOrderSort (0ms)
		DisableScriptedObjects (5ms)
		BackupInstance (0ms)
		ReleaseScriptingObjects (0ms)
		CreateAndSetChildDomain (19ms)
	RebuildCommonClasses (26ms)
	RebuildNativeTypeToScriptingClass (9ms)
	initialDomainReloadingComplete (34ms)
	LoadAllAssembliesAndSetupDomain (385ms)
		LoadAssemblies (288ms)
		RebuildTransferFunctionScriptingTraits (0ms)
		AnalyzeDomain (170ms)
			TypeCache.Refresh (148ms)
				TypeCache.ScanAssembly (134ms)
			ScanForSourceGeneratedMonoScriptInfo (15ms)
			ResolveRequiredComponents (5ms)
	FinalizeReload (729ms)
		ReleaseScriptCaches (0ms)
		RebuildScriptCaches (0ms)
		SetupLoadedEditorAssemblies (605ms)
			LogAssemblyErrors (0ms)
			InitializePlatformSupportModulesInManaged (6ms)
			SetLoadedEditorAssemblies (4ms)
			RefreshPlugins (0ms)
			BeforeProcessingInitializeOnLoad (91ms)
			ProcessInitializeOnLoadAttributes (483ms)
			ProcessInitializeOnLoadMethodAttributes (16ms)
			AfterProcessingInitializeOnLoad (4ms)
			EditorAssembliesLoaded (0ms)
		ExecutionOrderSort2 (0ms)
		AwakeInstancesAfterBackupRestoration (5ms)
Launched and connected shader compiler UnityShaderCompiler.exe after 0.04 seconds
Refreshing native plugins compatible for Editor in 3.05 ms, found 3 plugins.
Preloading 0 native plugins for Editor in 0.00 ms.
Unloading 4258 Unused Serialized files (Serialized files now loaded: 0)
Unloading 45 unused Assets / (1.6 MB). Loaded Objects now: 4739.
Memory consumption went from 168.3 MB to 166.7 MB.
Total: 3.295100 ms (FindLiveObjects: 0.233500 ms CreateObjectMapping: 0.131600 ms MarkObjects: 2.591500 ms  DeleteObjects: 0.336900 ms)

AssetImportParameters requested are different than current active one (requested -> active):
  custom:container-demuxer-ogg: 62fdf1f143b41e24485cea50d1cbac27 -> 
  custom:video-codec-MediaFoundation-h265: 746d11721c4dcdbdad8f713fa42b33f4 -> 
  custom:video-decoder-ogg-theora: a1e56fd34408186e4bbccfd4996cb3dc -> 
  custom:framework-win-MediaFoundation: 216162199b28c13a410421893ffa2e32 -> 
  custom:CustomObjectIndexerAttribute: 9a22284fe3817be447336de3de66b15e -> 
  custom:container-demuxer-webm: 4f35f7cbe854078d1ac9338744f61a02 -> 
  custom:container-muxer-webm: aa71ff27fc2769a1b78a27578f13a17b -> 
  custom:video-decoder-webm-vp8: 9c59270c3fd7afecdb556c50c9e8de78 -> 
  custom:SearchIndexIgnoredProperties: e643bd26f0fe6173181afceb89e7c659 -> 
  custom:AudioImporter_EditorPlatform: d09bf68614088b80899f8185d706f6e7 -> 
  custom:video-encoder-webm-vp8: eb34c28f22e8b96e1ab97ce403110664 -> 
  custom:audio-decoder-ogg-vorbis: bf7c407c2cedff20999df2af8eb42d56 -> 
  custom:audio-encoder-webm-vorbis: bf7c407c2cedff20999df2af8eb42d56 -> 
========================================================================
Received Import Request.
  Time since last request: 87236.082265 seconds.
  path: Assets/Samples/Cinemachine/3.1.0/Shared Assets
  artifactKey: Guid(8814150bd79887e45b834587273a04e8) Importer(815301076,1909f56bfc062723c751e8b465ee728b)
Start importing Assets/Samples/Cinemachine/3.1.0/Shared Assets using Guid(8814150bd79887e45b834587273a04e8) Importer(815301076,1909f56bfc062723c751e8b465ee728b) [PhysX] Initialized MultithreadedTaskDispatcher with 20 workers.
 -> (artifact id: '0077ec11570acd238ff6ea1d3a2cbb4e') in 0.005674 seconds
Number of updated asset objects reloaded before import = 0
Number of asset objects unloaded after import = 0
========================================================================
Received Import Request.
  Time since last request: 1.934722 seconds.
  path: Assets/Samples/Cinemachine/3.1.0/Shared Assets/Scripts
  artifactKey: Guid(3782e776ae99e7e409d9d8590552b35e) Importer(815301076,1909f56bfc062723c751e8b465ee728b)
Start importing Assets/Samples/Cinemachine/3.1.0/Shared Assets/Scripts using Guid(3782e776ae99e7e409d9d8590552b35e) Importer(815301076,1909f56bfc062723c751e8b465ee728b) [PhysX] Initialized MultithreadedTaskDispatcher with 20 workers.
 -> (artifact id: '8ec485bbc88ba7ed506e2f825e84b3b0') in 0.000550 seconds
Number of updated asset objects reloaded before import = 0
Number of asset objects unloaded after import = 0
========================================================================
Received Import Request.
  Time since last request: 24.219172 seconds.
  path: Assets/Samples/Cinemachine/3.1.0/Shared Assets/Prefabs/Boss Enemy Variant.prefab
  artifactKey: Guid(a93965bc906a245c49b8905bf8b48fec) Importer(815301076,1909f56bfc062723c751e8b465ee728b)
Start importing Assets/Samples/Cinemachine/3.1.0/Shared Assets/Prefabs/Boss Enemy Variant.prefab using Guid(a93965bc906a245c49b8905bf8b48fec) Importer(815301076,1909f56bfc062723c751e8b465ee728b) [PhysX] Initialized MultithreadedTaskDispatcher with 20 workers.
[PhysX] Initialized MultithreadedTaskDispatcher with 20 workers.
 -> (artifact id: '9473b6707522b63b88de27eeda95273d') in 0.520544 seconds
Number of updated asset objects reloaded before import = 0
Number of asset objects unloaded after import = 160
========================================================================
Received Import Request.
  Time since last request: 0.000025 seconds.
  path: Assets/Samples/Cinemachine/3.1.0/Shared Assets/Prefabs/CapsuleCar.prefab
  artifactKey: Guid(1ae780fa68e1a2d4fbf8ccd042067f66) Importer(815301076,1909f56bfc062723c751e8b465ee728b)
Start importing Assets/Samples/Cinemachine/3.1.0/Shared Assets/Prefabs/CapsuleCar.prefab using Guid(1ae780fa68e1a2d4fbf8ccd042067f66) Importer(815301076,1909f56bfc062723c751e8b465ee728b) [PhysX] Initialized MultithreadedTaskDispatcher with 20 workers.
[PhysX] Initialized MultithreadedTaskDispatcher with 20 workers.
 -> (artifact id: 'd17b225298a9a54412e8a290115b2a51') in 0.036301 seconds
Number of updated asset objects reloaded before import = 0
Number of asset objects unloaded after import = 85
========================================================================
Received Import Request.
  Time since last request: 0.000024 seconds.
  path: Assets/Samples/Cinemachine/3.1.0/Shared Assets/Materials/Checkerboard Big Squares.mat
  artifactKey: Guid(a9110f6da45e65c4cb208ec79d566291) Importer(815301076,1909f56bfc062723c751e8b465ee728b)
Start importing Assets/Samples/Cinemachine/3.1.0/Shared Assets/Materials/Checkerboard Big Squares.mat using Guid(a9110f6da45e65c4cb208ec79d566291) Importer(815301076,1909f56bfc062723c751e8b465ee728b) [PhysX] Initialized MultithreadedTaskDispatcher with 20 workers.
[PhysX] Initialized MultithreadedTaskDispatcher with 20 workers.
 -> (artifact id: '91120e7482ece6dee0ff38bd1c5e7764') in 0.028869 seconds
Number of updated asset objects reloaded before import = 0
Number of asset objects unloaded after import = 2
========================================================================
Received Import Request.
  Time since last request: 17.260778 seconds.
  path: Assets/Samples/Cinemachine/3.1.0
  artifactKey: Guid(d395b18217b32924fb6b41c201564d7a) Importer(815301076,1909f56bfc062723c751e8b465ee728b)
Start importing Assets/Samples/Cinemachine/3.1.0 using Guid(d395b18217b32924fb6b41c201564d7a) Importer(815301076,1909f56bfc062723c751e8b465ee728b) [PhysX] Initialized MultithreadedTaskDispatcher with 20 workers.
 -> (artifact id: 'aa2223c3dcae6562d82cb5242b70ce78') in 0.000997 seconds
Number of updated asset objects reloaded before import = 0
Number of asset objects unloaded after import = 0
========================================================================
Received Prepare
Assembly reference Packages/com.unity.cinemachine/Editor/Samples/ExposeHDRPInternals/HDRP-Editor-ref.asmref has no target assembly definition
Caller must complete domain reload
Assembly reference Packages/com.unity.cinemachine/Editor/Samples/ExposeHDRPInternals/HDRP-Editor-ref.asmref has no target assembly definition
Begin MonoManager ReloadAssembly
- Loaded All Assemblies, in  0.428 seconds
Native extension for WindowsStandalone target not found
Assembly reference Packages/com.unity.cinemachine/Editor/Samples/ExposeHDRPInternals/HDRP-Editor-ref.asmref has no target assembly definition
[Package Manager] Server::EnsureServerProcessIsRunning -- launch failed, reason: Unity was launched with the -noUpm command-line argument
[Package Manager] UpmClient::Send -- Unable to send message (not connected to UPM process).
[Package Manager] Cannot connect to Unity Package Manager local server
[Package Manager] Server::EnsureServerProcessIsRunning -- launch failed, reason: Unity was launched with the -noUpm command-line argument
[Package Manager] UpmClient::Send -- Unable to send message (not connected to UPM process).
[Package Manager] Cannot connect to Unity Package Manager local server
Mono: successfully reloaded assembly
- Finished resetting the current domain, in  1.050 seconds
Domain Reload Profiling: 1475ms
	BeginReloadAssembly (141ms)
		ExecutionOrderSort (0ms)
		DisableScriptedObjects (3ms)
		BackupInstance (0ms)
		ReleaseScriptingObjects (0ms)
		CreateAndSetChildDomain (39ms)
	RebuildCommonClasses (25ms)
	RebuildNativeTypeToScriptingClass (7ms)
	initialDomainReloadingComplete (24ms)
	LoadAllAssembliesAndSetupDomain (227ms)
		LoadAssemblies (269ms)
		RebuildTransferFunctionScriptingTraits (0ms)
		AnalyzeDomain (26ms)
			TypeCache.Refresh (10ms)
				TypeCache.ScanAssembly (1ms)
			ScanForSourceGeneratedMonoScriptInfo (9ms)
			ResolveRequiredComponents (6ms)
	FinalizeReload (1051ms)
		ReleaseScriptCaches (0ms)
		RebuildScriptCaches (0ms)
		SetupLoadedEditorAssemblies (622ms)
			LogAssemblyErrors (0ms)
			InitializePlatformSupportModulesInManaged (5ms)
			SetLoadedEditorAssemblies (5ms)
			RefreshPlugins (0ms)
			BeforeProcessingInitializeOnLoad (97ms)
			ProcessInitializeOnLoadAttributes (487ms)
			ProcessInitializeOnLoadMethodAttributes (21ms)
			AfterProcessingInitializeOnLoad (6ms)
			EditorAssembliesLoaded (0ms)
		ExecutionOrderSort2 (0ms)
		AwakeInstancesAfterBackupRestoration (5ms)
Refreshing native plugins compatible for Editor in 3.42 ms, found 3 plugins.
Preloading 0 native plugins for Editor in 0.00 ms.
Unloading 4216 Unused Serialized files (Serialized files now loaded: 0)
Unloading 28 unused Assets / (1.6 MB). Loaded Objects now: 4789.
Memory consumption went from 164.7 MB to 163.1 MB.
Total: 3.562700 ms (FindLiveObjects: 0.240100 ms CreateObjectMapping: 0.165000 ms MarkObjects: 2.829000 ms  DeleteObjects: 0.326900 ms)

Prepare: number of updated asset objects reloaded= 0
AssetImportParameters requested are different than current active one (requested -> active):
  custom:scripting/monoscript/fileName/ThirdPersonFollowCameraSideSwapper.cs: 3d0c0353da37a644751d3cb6ca4aff14 -> 
  custom:container-demuxer-ogg: 62fdf1f143b41e24485cea50d1cbac27 -> 
  custom:scripting/monoscript/fileName/LookAtTarget.cs: 0e592bd322fe600853561ba6f5915e5a -> 
  custom:scripting/monoscript/fileName/CustomInputHandler.cs: 1446e3ab805958b88ee5348104c318b5 -> 
  custom:video-codec-MediaFoundation-h265: 746d11721c4dcdbdad8f713fa42b33f4 -> 
  custom:scripting/monoscript/fileName/MagnetGroupController.cs: 86024daaa1e1eef4cbb8827d63e57da1 -> 
  custom:scripting/monoscript/fileName/PlayerBaseState.cs: aea07cd91730551fa0e2f53eebea7c48 -> 
  custom:scripting/monoscript/fileName/ShotQualityBasedOnSplineCartPosition.cs: 16b08fef5cdbe9d97b31bc8cae189676 -> 
  custom:video-decoder-ogg-theora: a1e56fd34408186e4bbccfd4996cb3dc -> 
  custom:framework-win-MediaFoundation: 216162199b28c13a410421893ffa2e32 -> 
  custom:scripting/monoscript/fileName/BaseState.cs: 04f2968b7012d48b1bf773827b2f16e5 -> 
  custom:scripting/monoscript/fileName/SamplesHelpUI.cs: 55d2bfb81401924c9d9884b6f39e2efb -> 
  custom:scripting/monoscript/fileName/PlayerController.cs: cc55364d79c05bf93e99b3c6a70b5b96 -> 
  custom:scripting/monoscript/fileName/GameControl.cs: 86ffa525d938373c377b52d185d6f4e7 -> 
  custom:CustomObjectIndexerAttribute: 9a22284fe3817be447336de3de66b15e -> 
  custom:scripting/monoscript/fileName/ReduceGroupWeightWhenBelowFloor.cs: 96276a9fce1e54dafa881a9fc9923ad7 -> 
  custom:scripting/monoscript/fileName/RigidbodyInterpolationSetter.cs: d4e3c1cbc6cc8593e57ab1f7e64ec3d5 -> 
  custom:scripting/monoscript/fileName/PlayerInputActions.cs: 849ed7f5b11c9db237ef61b01c5a5104 -> 
  custom:container-demuxer-webm: 4f35f7cbe854078d1ac9338744f61a02 -> 
  custom:scripting/monoscript/fileName/PlayerTestState.cs: 6d976d2e72d7a5e30856b3fa6bb4d98d -> 
  custom:scripting/monoscript/fileName/RunnerController.cs: da1de313eacfa0113219c7f5f1e0f4f6 -> 
  custom:scripting/monoscript/fileName/PlayerOnSurface.cs: 9074678f788ab1be7d402a66ee760352 -> 
  custom:scripting/monoscript/fileName/Transition.cs: dcc7f18d585a4fe0987f7e0e510b0836 -> 
  custom:scripting/monoscript/fileName/IPredicate.cs: 07d53ed118ee9a412bc3d6847fc4f37a -> 
  custom:scripting/monoscript/fileName/StateMachine.cs: 8e584953ad60e6358e1b21f4e25de5f5 -> 4752e958e06e35ed9c1224cc3c2fc022
  custom:scripting/monoscript/fileName/SpawnInRadius.cs: ac4ae323b928957f15f1e5a723752c21 -> 
  custom:container-muxer-webm: aa71ff27fc2769a1b78a27578f13a17b -> 
  custom:video-decoder-webm-vp8: 9c59270c3fd7afecdb556c50c9e8de78 -> 
  custom:scripting/monoscript/fileName/SimplePlayerController2D.cs: 3e95690048de60e9e92a664dc12126a5 -> 
  custom:scripting/monoscript/fileName/BlendStyleManager.cs: 6d7af3a02e1fde948fbee40e1f483a73 -> 
  custom:scripting/monoscript/fileName/PlayerCounter.cs: 151aeab7f48b9a09f242270a18b72de2 -> 
  custom:SearchIndexIgnoredProperties: e643bd26f0fe6173181afceb89e7c659 -> 
  custom:scripting/monoscript/fileName/DampedTracker.cs: e35a4095e146b062c72f97990cbfb31d -> 
  custom:scripting/monoscript/fileName/LockPosZ.cs: 2d7c7d3a65f9bbfeb5b1f3e59a967031 -> 
  custom:AudioImporter_EditorPlatform: d09bf68614088b80899f8185d706f6e7 -> 
  custom:scripting/monoscript/fileName/ConstantOrbitalRotation.cs: 96487c06dc65fcfabcf6fda4575c56e2 -> 
  custom:scripting/monoscript/fileName/AimTargetManager.cs: 88049f9cbd06fc396fe6ec995e05f2fa -> 
  custom:scripting/monoscript/fileName/Platformer Camera 2D.cs: c03214da75cbc0d28175ee33a42916b0 -> 
  custom:scripting/monoscript/fileName/SamplesDynamicUI.cs: ebfafd0b024bb989f7ce016561d00745 -> 
  custom:scripting/monoscript/fileName/IState.cs: baa2f6109004daa70bf64ca96c12a0a4 -> 7c9ac2e53b292d01497d551b0f0e43bc
  custom:scripting/monoscript/fileName/ITransition.cs: 2386f406c0be7774a6aa0700e123d993 -> 
  custom:scripting/monoscript/fileName/LocomotionState.cs: 693a0c579b98f19d84e44a75622d100f -> 
  custom:scripting/monoscript/fileName/InputReader.cs: de094986e3fa8f1ad31a563097a96529 -> 
  custom:scripting/monoscript/fileName/Magnet.cs: d638a8a6427bc5b708d6e5d401f65d9b -> 
  custom:scripting/monoscript/fileName/RandomizedDollySpeed.cs: 24091cbccffa659569093f0485d5529b -> 
  custom:scripting/monoscript/fileName/CinemachineFadeOutShaderController.cs: f4b608344164a01c1372963cf610f4d0 -> 
  custom:scripting/monoscript/fileName/FuncPredicate.cs: 9251d4c9e2750e66bf4e6ace2ff4f417 -> 
  custom:video-encoder-webm-vp8: eb34c28f22e8b96e1ab97ce403110664 -> 
  custom:scripting/monoscript/fileName/SimpleBullet.cs: e227e552e31a3de77cb7e6144b673011 -> 
  custom:scripting/monoscript/fileName/FlyAround.cs: c36cb7a023d6504d693088efaf4647b8 -> 
  custom:scripting/monoscript/fileName/ReparentPlayerToSurface.cs: 2456e1d048056972475a9b0326b804cd -> 
  custom:audio-decoder-ogg-vorbis: bf7c407c2cedff20999df2af8eb42d56 -> 
  custom:scripting/monoscript/fileName/PlayerObjectPickup.cs: 613d1d315d63fe643498dff93ca9acb7 -> 
  custom:scripting/monoscript/fileName/TurnAroundPlayer.cs: 5af3301acf43e9c688787f72cc9c9322 -> 
  custom:scripting/monoscript/fileName/AimCameraRig.cs: 186c2c8b55fb25e79adb66892d595e57 -> 
  custom:audio-encoder-webm-vorbis: bf7c407c2cedff20999df2af8eb42d56 -> 
  custom:scripting/monoscript/fileName/SimpleCarController.cs: a7bc186c75e87633cd4b0277029a7397 -> 
  custom:scripting/monoscript/fileName/PlayerInitializer.cs: b81021c616eaec17787c66ed3cc2059d -> 
  custom:scripting/monoscript/fileName/CursorLockManager.cs: 100526abb0f23ac6d1a839b546fd2b4f -> 
  custom:scripting/monoscript/fileName/SimplePlayerShoot.cs: 454d0ca070f39d499845656791b182ac -> 
  custom:scripting/precompiled-assembly-types:Assembly-CSharp: 640350d27f8bb4a1c4aba4f524351211 -> 
  custom:scripting/monoscript/fileName/SimplePlayerController.cs: 697cd93229fcf5a9553182e50f80169d -> 
  custom:scripting/monoscript/fileName/SimplePlayerAnimator.cs: 7bd5c3cd5d6c77eced4f7ade5f33d142 -> 
  custom:scripting/monoscript/fileName/WrapAround.cs: c1196f7b76a52d137eb29f70f18e112c -> 
  custom:scripting/monoscript/fileName/SimplePlayerAimController.cs: 00b222f030979d5c5379dd71fbeb4087 -> 
  custom:scripting/monoscript/fileName/ExpandingAimReticle.cs: f10370956ef1370140bf1504e5972872 -> 
  custom:scripting/monoscript/fileName/MixCamerasBasedOnSpeed.cs: 4bc1882512d1b5e155e7bae125c4e55b -> 
========================================================================
Received Prepare
Assembly reference Packages/com.unity.cinemachine/Editor/Samples/ExposeHDRPInternals/HDRP-Editor-ref.asmref has no target assembly definition
Caller must complete domain reload
Assembly reference Packages/com.unity.cinemachine/Editor/Samples/ExposeHDRPInternals/HDRP-Editor-ref.asmref has no target assembly definition
Begin MonoManager ReloadAssembly
- Loaded All Assemblies, in  0.364 seconds
Native extension for WindowsStandalone target not found
Assembly reference Packages/com.unity.cinemachine/Editor/Samples/ExposeHDRPInternals/HDRP-Editor-ref.asmref has no target assembly definition
[Package Manager] Server::EnsureServerProcessIsRunning -- launch failed, reason: Unity was launched with the -noUpm command-line argument
[Package Manager] UpmClient::Send -- Unable to send message (not connected to UPM process).
[Package Manager] Cannot connect to Unity Package Manager local server
[Package Manager] Server::EnsureServerProcessIsRunning -- launch failed, reason: Unity was launched with the -noUpm command-line argument
[Package Manager] UpmClient::Send -- Unable to send message (not connected to UPM process).
[Package Manager] Cannot connect to Unity Package Manager local server
Mono: successfully reloaded assembly
- Finished resetting the current domain, in  1.040 seconds
Domain Reload Profiling: 1402ms
	BeginReloadAssembly (118ms)
		ExecutionOrderSort (0ms)
		DisableScriptedObjects (3ms)
		BackupInstance (0ms)
		ReleaseScriptingObjects (0ms)
		CreateAndSetChildDomain (25ms)
	RebuildCommonClasses (22ms)
	RebuildNativeTypeToScriptingClass (7ms)
	initialDomainReloadingComplete (22ms)
	LoadAllAssembliesAndSetupDomain (193ms)
		LoadAssemblies (240ms)
		RebuildTransferFunctionScriptingTraits (0ms)
		AnalyzeDomain (13ms)
			TypeCache.Refresh (5ms)
				TypeCache.ScanAssembly (0ms)
			ScanForSourceGeneratedMonoScriptInfo (0ms)
			ResolveRequiredComponents (6ms)
	FinalizeReload (1041ms)
		ReleaseScriptCaches (0ms)
		RebuildScriptCaches (0ms)
		SetupLoadedEditorAssemblies (648ms)
			LogAssemblyErrors (0ms)
			InitializePlatformSupportModulesInManaged (6ms)
			SetLoadedEditorAssemblies (6ms)
			RefreshPlugins (0ms)
			BeforeProcessingInitializeOnLoad (102ms)
			ProcessInitializeOnLoadAttributes (510ms)
			ProcessInitializeOnLoadMethodAttributes (18ms)
			AfterProcessingInitializeOnLoad (6ms)
			EditorAssembliesLoaded (0ms)
		ExecutionOrderSort2 (0ms)
		AwakeInstancesAfterBackupRestoration (5ms)
Refreshing native plugins compatible for Editor in 2.86 ms, found 3 plugins.
Preloading 0 native plugins for Editor in 0.00 ms.
Unloading 4217 Unused Serialized files (Serialized files now loaded: 0)
Unloading 28 unused Assets / (1.6 MB). Loaded Objects now: 4792.
Memory consumption went from 165.0 MB to 163.4 MB.
Total: 3.029800 ms (FindLiveObjects: 0.251400 ms CreateObjectMapping: 0.121700 ms MarkObjects: 2.318000 ms  DeleteObjects: 0.337500 ms)

Prepare: number of updated asset objects reloaded= 0
AssetImportParameters requested are different than current active one (requested -> active):
  custom:scripting/monoscript/fileName/ThirdPersonFollowCameraSideSwapper.cs: 3d0c0353da37a644751d3cb6ca4aff14 -> 
  custom:container-demuxer-ogg: 62fdf1f143b41e24485cea50d1cbac27 -> 
  custom:scripting/monoscript/fileName/LookAtTarget.cs: 0e592bd322fe600853561ba6f5915e5a -> 
  custom:scripting/monoscript/fileName/CustomInputHandler.cs: 1446e3ab805958b88ee5348104c318b5 -> 
  custom:video-codec-MediaFoundation-h265: 746d11721c4dcdbdad8f713fa42b33f4 -> 
  custom:scripting/monoscript/fileName/MagnetGroupController.cs: 86024daaa1e1eef4cbb8827d63e57da1 -> 
  custom:scripting/monoscript/fileName/PlayerBaseState.cs: aea07cd91730551fa0e2f53eebea7c48 -> 
  custom:scripting/monoscript/fileName/ShotQualityBasedOnSplineCartPosition.cs: 16b08fef5cdbe9d97b31bc8cae189676 -> 
  custom:video-decoder-ogg-theora: a1e56fd34408186e4bbccfd4996cb3dc -> 
  custom:framework-win-MediaFoundation: 216162199b28c13a410421893ffa2e32 -> 
  custom:scripting/monoscript/fileName/BaseState.cs: 04f2968b7012d48b1bf773827b2f16e5 -> 
  custom:scripting/monoscript/fileName/SamplesHelpUI.cs: 55d2bfb81401924c9d9884b6f39e2efb -> 
  custom:scripting/monoscript/fileName/PlayerController.cs: cc55364d79c05bf93e99b3c6a70b5b96 -> 
  custom:scripting/monoscript/fileName/GameControl.cs: 86ffa525d938373c377b52d185d6f4e7 -> 
  custom:CustomObjectIndexerAttribute: 9a22284fe3817be447336de3de66b15e -> 
  custom:scripting/monoscript/fileName/ReduceGroupWeightWhenBelowFloor.cs: 96276a9fce1e54dafa881a9fc9923ad7 -> 
  custom:scripting/monoscript/fileName/RigidbodyInterpolationSetter.cs: d4e3c1cbc6cc8593e57ab1f7e64ec3d5 -> 
  custom:scripting/monoscript/fileName/PlayerInputActions.cs: 849ed7f5b11c9db237ef61b01c5a5104 -> 
  custom:container-demuxer-webm: 4f35f7cbe854078d1ac9338744f61a02 -> 
  custom:scripting/monoscript/fileName/PlayerTestState.cs: 6d976d2e72d7a5e30856b3fa6bb4d98d -> 
  custom:scripting/monoscript/fileName/RunnerController.cs: da1de313eacfa0113219c7f5f1e0f4f6 -> 
  custom:scripting/monoscript/fileName/PlayerOnSurface.cs: 9074678f788ab1be7d402a66ee760352 -> 
  custom:scripting/monoscript/fileName/Transition.cs: dcc7f18d585a4fe0987f7e0e510b0836 -> 
  custom:scripting/monoscript/fileName/IPredicate.cs: 07d53ed118ee9a412bc3d6847fc4f37a -> 
  custom:scripting/monoscript/fileName/StateMachine.cs: 8e584953ad60e6358e1b21f4e25de5f5 -> 4752e958e06e35ed9c1224cc3c2fc022
  custom:scripting/monoscript/fileName/SpawnInRadius.cs: ac4ae323b928957f15f1e5a723752c21 -> 
  custom:container-muxer-webm: aa71ff27fc2769a1b78a27578f13a17b -> 
  custom:video-decoder-webm-vp8: 9c59270c3fd7afecdb556c50c9e8de78 -> 
  custom:scripting/monoscript/fileName/SimplePlayerController2D.cs: 3e95690048de60e9e92a664dc12126a5 -> 
  custom:scripting/monoscript/fileName/BlendStyleManager.cs: 6d7af3a02e1fde948fbee40e1f483a73 -> 
  custom:scripting/monoscript/fileName/PlayerCounter.cs: 151aeab7f48b9a09f242270a18b72de2 -> 
  custom:SearchIndexIgnoredProperties: e643bd26f0fe6173181afceb89e7c659 -> 
  custom:scripting/monoscript/fileName/DampedTracker.cs: e35a4095e146b062c72f97990cbfb31d -> 
  custom:scripting/monoscript/fileName/LockPosZ.cs: 2d7c7d3a65f9bbfeb5b1f3e59a967031 -> 
  custom:AudioImporter_EditorPlatform: d09bf68614088b80899f8185d706f6e7 -> 
  custom:scripting/monoscript/fileName/ConstantOrbitalRotation.cs: 96487c06dc65fcfabcf6fda4575c56e2 -> 
  custom:scripting/monoscript/fileName/AimTargetManager.cs: 88049f9cbd06fc396fe6ec995e05f2fa -> 
  custom:scripting/monoscript/fileName/Platformer Camera 2D.cs: c03214da75cbc0d28175ee33a42916b0 -> 
  custom:scripting/monoscript/fileName/SamplesDynamicUI.cs: ebfafd0b024bb989f7ce016561d00745 -> 
  custom:scripting/monoscript/fileName/IState.cs: baa2f6109004daa70bf64ca96c12a0a4 -> 7c9ac2e53b292d01497d551b0f0e43bc
  custom:scripting/monoscript/fileName/ITransition.cs: 2386f406c0be7774a6aa0700e123d993 -> 
  custom:scripting/monoscript/fileName/LocomotionState.cs: 693a0c579b98f19d84e44a75622d100f -> 
  custom:scripting/monoscript/fileName/InputReader.cs: de094986e3fa8f1ad31a563097a96529 -> 
  custom:scripting/monoscript/fileName/Magnet.cs: d638a8a6427bc5b708d6e5d401f65d9b -> 
  custom:scripting/monoscript/fileName/RandomizedDollySpeed.cs: 24091cbccffa659569093f0485d5529b -> 
  custom:scripting/monoscript/fileName/CinemachineFadeOutShaderController.cs: f4b608344164a01c1372963cf610f4d0 -> 
  custom:scripting/monoscript/fileName/FuncPredicate.cs: 9251d4c9e2750e66bf4e6ace2ff4f417 -> 
  custom:video-encoder-webm-vp8: eb34c28f22e8b96e1ab97ce403110664 -> 
  custom:scripting/monoscript/fileName/SimpleBullet.cs: e227e552e31a3de77cb7e6144b673011 -> 
  custom:scripting/monoscript/fileName/FlyAround.cs: c36cb7a023d6504d693088efaf4647b8 -> 
  custom:scripting/monoscript/fileName/ReparentPlayerToSurface.cs: 2456e1d048056972475a9b0326b804cd -> 
  custom:audio-decoder-ogg-vorbis: bf7c407c2cedff20999df2af8eb42d56 -> 
  custom:scripting/monoscript/fileName/PlayerObjectPickup.cs: 613d1d315d63fe643498dff93ca9acb7 -> 
  custom:scripting/monoscript/fileName/TurnAroundPlayer.cs: 5af3301acf43e9c688787f72cc9c9322 -> 
  custom:scripting/monoscript/fileName/AimCameraRig.cs: 186c2c8b55fb25e79adb66892d595e57 -> 
  custom:audio-encoder-webm-vorbis: bf7c407c2cedff20999df2af8eb42d56 -> 
  custom:scripting/monoscript/fileName/SimpleCarController.cs: a7bc186c75e87633cd4b0277029a7397 -> 
  custom:scripting/monoscript/fileName/PlayerInitializer.cs: b81021c616eaec17787c66ed3cc2059d -> 
  custom:scripting/monoscript/fileName/CursorLockManager.cs: 100526abb0f23ac6d1a839b546fd2b4f -> 
  custom:scripting/monoscript/fileName/SimplePlayerShoot.cs: 454d0ca070f39d499845656791b182ac -> 
  custom:scripting/precompiled-assembly-types:Assembly-CSharp: 640350d27f8bb4a1c4aba4f524351211 -> 
  custom:scripting/monoscript/fileName/SimplePlayerController.cs: 697cd93229fcf5a9553182e50f80169d -> 
  custom:scripting/monoscript/fileName/SimplePlayerAnimator.cs: 7bd5c3cd5d6c77eced4f7ade5f33d142 -> 
  custom:scripting/monoscript/fileName/WrapAround.cs: c1196f7b76a52d137eb29f70f18e112c -> 
  custom:scripting/monoscript/fileName/SimplePlayerAimController.cs: 00b222f030979d5c5379dd71fbeb4087 -> 
  custom:scripting/monoscript/fileName/ExpandingAimReticle.cs: f10370956ef1370140bf1504e5972872 -> 
  custom:scripting/monoscript/fileName/MixCamerasBasedOnSpeed.cs: 4bc1882512d1b5e155e7bae125c4e55b -> 
========================================================================
Received Prepare
Assembly reference Packages/com.unity.cinemachine/Editor/Samples/ExposeHDRPInternals/HDRP-Editor-ref.asmref has no target assembly definition
Caller must complete domain reload
Assembly reference Packages/com.unity.cinemachine/Editor/Samples/ExposeHDRPInternals/HDRP-Editor-ref.asmref has no target assembly definition
Begin MonoManager ReloadAssembly
- Loaded All Assemblies, in  0.364 seconds
Native extension for WindowsStandalone target not found
Assembly reference Packages/com.unity.cinemachine/Editor/Samples/ExposeHDRPInternals/HDRP-Editor-ref.asmref has no target assembly definition
[Package Manager] Server::EnsureServerProcessIsRunning -- launch failed, reason: Unity was launched with the -noUpm command-line argument
[Package Manager] UpmClient::Send -- Unable to send message (not connected to UPM process).
[Package Manager] Cannot connect to Unity Package Manager local server
[Package Manager] Server::EnsureServerProcessIsRunning -- launch failed, reason: Unity was launched with the -noUpm command-line argument
[Package Manager] UpmClient::Send -- Unable to send message (not connected to UPM process).
[Package Manager] Cannot connect to Unity Package Manager local server
Mono: successfully reloaded assembly
- Finished resetting the current domain, in  1.073 seconds
Domain Reload Profiling: 1434ms
	BeginReloadAssembly (114ms)
		ExecutionOrderSort (0ms)
		DisableScriptedObjects (3ms)
		BackupInstance (0ms)
		ReleaseScriptingObjects (0ms)
		CreateAndSetChildDomain (24ms)
	RebuildCommonClasses (28ms)
	RebuildNativeTypeToScriptingClass (7ms)
	initialDomainReloadingComplete (20ms)
	LoadAllAssembliesAndSetupDomain (192ms)
		LoadAssemblies (239ms)
		RebuildTransferFunctionScriptingTraits (0ms)
		AnalyzeDomain (13ms)
			TypeCache.Refresh (5ms)
				TypeCache.ScanAssembly (0ms)
			ScanForSourceGeneratedMonoScriptInfo (0ms)
			ResolveRequiredComponents (6ms)
	FinalizeReload (1073ms)
		ReleaseScriptCaches (0ms)
		RebuildScriptCaches (0ms)
		SetupLoadedEditorAssemblies (659ms)
			LogAssemblyErrors (0ms)
			InitializePlatformSupportModulesInManaged (6ms)
			SetLoadedEditorAssemblies (5ms)
			RefreshPlugins (0ms)
			BeforeProcessingInitializeOnLoad (97ms)
			ProcessInitializeOnLoadAttributes (526ms)
			ProcessInitializeOnLoadMethodAttributes (20ms)
			AfterProcessingInitializeOnLoad (6ms)
			EditorAssembliesLoaded (0ms)
		ExecutionOrderSort2 (0ms)
		AwakeInstancesAfterBackupRestoration (6ms)
Refreshing native plugins compatible for Editor in 2.89 ms, found 3 plugins.
Preloading 0 native plugins for Editor in 0.00 ms.
Unloading 4217 Unused Serialized files (Serialized files now loaded: 0)
Unloading 28 unused Assets / (1.6 MB). Loaded Objects now: 4795.
Memory consumption went from 164.9 MB to 163.3 MB.
Total: 3.269900 ms (FindLiveObjects: 0.251500 ms CreateObjectMapping: 0.111400 ms MarkObjects: 2.515500 ms  DeleteObjects: 0.390700 ms)

Prepare: number of updated asset objects reloaded= 0
AssetImportParameters requested are different than current active one (requested -> active):
  custom:scripting/monoscript/fileName/ThirdPersonFollowCameraSideSwapper.cs: 3d0c0353da37a644751d3cb6ca4aff14 -> 
  custom:container-demuxer-ogg: 62fdf1f143b41e24485cea50d1cbac27 -> 
  custom:scripting/monoscript/fileName/LookAtTarget.cs: 0e592bd322fe600853561ba6f5915e5a -> 
  custom:scripting/monoscript/fileName/CustomInputHandler.cs: 1446e3ab805958b88ee5348104c318b5 -> 
  custom:video-codec-MediaFoundation-h265: 746d11721c4dcdbdad8f713fa42b33f4 -> 
  custom:scripting/monoscript/fileName/MagnetGroupController.cs: 86024daaa1e1eef4cbb8827d63e57da1 -> 
  custom:scripting/monoscript/fileName/PlayerBaseState.cs: aea07cd91730551fa0e2f53eebea7c48 -> 
  custom:scripting/monoscript/fileName/ShotQualityBasedOnSplineCartPosition.cs: 16b08fef5cdbe9d97b31bc8cae189676 -> 
  custom:video-decoder-ogg-theora: a1e56fd34408186e4bbccfd4996cb3dc -> 
  custom:framework-win-MediaFoundation: 216162199b28c13a410421893ffa2e32 -> 
  custom:scripting/monoscript/fileName/BaseState.cs: 04f2968b7012d48b1bf773827b2f16e5 -> 
  custom:scripting/monoscript/fileName/SamplesHelpUI.cs: 55d2bfb81401924c9d9884b6f39e2efb -> 
  custom:scripting/monoscript/fileName/PlayerController.cs: cc55364d79c05bf93e99b3c6a70b5b96 -> 
  custom:scripting/monoscript/fileName/GameControl.cs: 86ffa525d938373c377b52d185d6f4e7 -> 
  custom:CustomObjectIndexerAttribute: 9a22284fe3817be447336de3de66b15e -> 
  custom:scripting/monoscript/fileName/ReduceGroupWeightWhenBelowFloor.cs: 96276a9fce1e54dafa881a9fc9923ad7 -> 
  custom:scripting/monoscript/fileName/RigidbodyInterpolationSetter.cs: d4e3c1cbc6cc8593e57ab1f7e64ec3d5 -> 
  custom:scripting/monoscript/fileName/PlayerInputActions.cs: 849ed7f5b11c9db237ef61b01c5a5104 -> 
  custom:container-demuxer-webm: 4f35f7cbe854078d1ac9338744f61a02 -> 
  custom:scripting/monoscript/fileName/PlayerTestState.cs: 6d976d2e72d7a5e30856b3fa6bb4d98d -> 
  custom:scripting/monoscript/fileName/RunnerController.cs: da1de313eacfa0113219c7f5f1e0f4f6 -> 
  custom:scripting/monoscript/fileName/PlayerOnSurface.cs: 9074678f788ab1be7d402a66ee760352 -> 
  custom:scripting/monoscript/fileName/Transition.cs: dcc7f18d585a4fe0987f7e0e510b0836 -> 
  custom:scripting/monoscript/fileName/IPredicate.cs: 07d53ed118ee9a412bc3d6847fc4f37a -> 
  custom:scripting/monoscript/fileName/StateMachine.cs: 8e584953ad60e6358e1b21f4e25de5f5 -> 4752e958e06e35ed9c1224cc3c2fc022
  custom:scripting/monoscript/fileName/SpawnInRadius.cs: ac4ae323b928957f15f1e5a723752c21 -> 
  custom:container-muxer-webm: aa71ff27fc2769a1b78a27578f13a17b -> 
  custom:video-decoder-webm-vp8: 9c59270c3fd7afecdb556c50c9e8de78 -> 
  custom:scripting/monoscript/fileName/SimplePlayerController2D.cs: 3e95690048de60e9e92a664dc12126a5 -> 
  custom:scripting/monoscript/fileName/BlendStyleManager.cs: 6d7af3a02e1fde948fbee40e1f483a73 -> 
  custom:scripting/monoscript/fileName/PlayerCounter.cs: 151aeab7f48b9a09f242270a18b72de2 -> 
  custom:SearchIndexIgnoredProperties: e643bd26f0fe6173181afceb89e7c659 -> 
  custom:scripting/monoscript/fileName/DampedTracker.cs: e35a4095e146b062c72f97990cbfb31d -> 
  custom:scripting/monoscript/fileName/LockPosZ.cs: 2d7c7d3a65f9bbfeb5b1f3e59a967031 -> 
  custom:AudioImporter_EditorPlatform: d09bf68614088b80899f8185d706f6e7 -> 
  custom:scripting/monoscript/fileName/ConstantOrbitalRotation.cs: 96487c06dc65fcfabcf6fda4575c56e2 -> 
  custom:scripting/monoscript/fileName/AimTargetManager.cs: 88049f9cbd06fc396fe6ec995e05f2fa -> 
  custom:scripting/monoscript/fileName/Platformer Camera 2D.cs: c03214da75cbc0d28175ee33a42916b0 -> 
  custom:scripting/monoscript/fileName/SamplesDynamicUI.cs: ebfafd0b024bb989f7ce016561d00745 -> 
  custom:scripting/monoscript/fileName/IState.cs: baa2f6109004daa70bf64ca96c12a0a4 -> 7c9ac2e53b292d01497d551b0f0e43bc
  custom:scripting/monoscript/fileName/ITransition.cs: 2386f406c0be7774a6aa0700e123d993 -> 
  custom:scripting/monoscript/fileName/LocomotionState.cs: 693a0c579b98f19d84e44a75622d100f -> 
  custom:scripting/monoscript/fileName/InputReader.cs: de094986e3fa8f1ad31a563097a96529 -> 
  custom:scripting/monoscript/fileName/Magnet.cs: d638a8a6427bc5b708d6e5d401f65d9b -> 
  custom:scripting/monoscript/fileName/RandomizedDollySpeed.cs: 24091cbccffa659569093f0485d5529b -> 
  custom:scripting/monoscript/fileName/CinemachineFadeOutShaderController.cs: f4b608344164a01c1372963cf610f4d0 -> 
  custom:scripting/monoscript/fileName/FuncPredicate.cs: 9251d4c9e2750e66bf4e6ace2ff4f417 -> 
  custom:video-encoder-webm-vp8: eb34c28f22e8b96e1ab97ce403110664 -> 
  custom:scripting/monoscript/fileName/SimpleBullet.cs: e227e552e31a3de77cb7e6144b673011 -> 
  custom:scripting/monoscript/fileName/FlyAround.cs: c36cb7a023d6504d693088efaf4647b8 -> 
  custom:scripting/monoscript/fileName/ReparentPlayerToSurface.cs: 2456e1d048056972475a9b0326b804cd -> 
  custom:audio-decoder-ogg-vorbis: bf7c407c2cedff20999df2af8eb42d56 -> 
  custom:scripting/monoscript/fileName/PlayerObjectPickup.cs: 613d1d315d63fe643498dff93ca9acb7 -> 
  custom:scripting/monoscript/fileName/TurnAroundPlayer.cs: 5af3301acf43e9c688787f72cc9c9322 -> 
  custom:scripting/monoscript/fileName/AimCameraRig.cs: 186c2c8b55fb25e79adb66892d595e57 -> 
  custom:audio-encoder-webm-vorbis: bf7c407c2cedff20999df2af8eb42d56 -> 
  custom:scripting/monoscript/fileName/SimpleCarController.cs: a7bc186c75e87633cd4b0277029a7397 -> 
  custom:scripting/monoscript/fileName/PlayerInitializer.cs: b81021c616eaec17787c66ed3cc2059d -> 
  custom:scripting/monoscript/fileName/CursorLockManager.cs: 100526abb0f23ac6d1a839b546fd2b4f -> 
  custom:scripting/monoscript/fileName/SimplePlayerShoot.cs: 454d0ca070f39d499845656791b182ac -> 
  custom:scripting/precompiled-assembly-types:Assembly-CSharp: 640350d27f8bb4a1c4aba4f524351211 -> 
  custom:scripting/monoscript/fileName/SimplePlayerController.cs: 697cd93229fcf5a9553182e50f80169d -> 
  custom:scripting/monoscript/fileName/SimplePlayerAnimator.cs: 7bd5c3cd5d6c77eced4f7ade5f33d142 -> 
  custom:scripting/monoscript/fileName/WrapAround.cs: c1196f7b76a52d137eb29f70f18e112c -> 
  custom:scripting/monoscript/fileName/SimplePlayerAimController.cs: 00b222f030979d5c5379dd71fbeb4087 -> 
  custom:scripting/monoscript/fileName/ExpandingAimReticle.cs: f10370956ef1370140bf1504e5972872 -> 
  custom:scripting/monoscript/fileName/MixCamerasBasedOnSpeed.cs: 4bc1882512d1b5e155e7bae125c4e55b -> 
========================================================================
Received Prepare
Assembly reference Packages/com.unity.cinemachine/Editor/Samples/ExposeHDRPInternals/HDRP-Editor-ref.asmref has no target assembly definition
Caller must complete domain reload
Assembly reference Packages/com.unity.cinemachine/Editor/Samples/ExposeHDRPInternals/HDRP-Editor-ref.asmref has no target assembly definition
Begin MonoManager ReloadAssembly
- Loaded All Assemblies, in  0.376 seconds
Native extension for WindowsStandalone target not found
Assembly reference Packages/com.unity.cinemachine/Editor/Samples/ExposeHDRPInternals/HDRP-Editor-ref.asmref has no target assembly definition
[Package Manager] Server::EnsureServerProcessIsRunning -- launch failed, reason: Unity was launched with the -noUpm command-line argument
[Package Manager] UpmClient::Send -- Unable to send message (not connected to UPM process).
[Package Manager] Cannot connect to Unity Package Manager local server
[Package Manager] Server::EnsureServerProcessIsRunning -- launch failed, reason: Unity was launched with the -noUpm command-line argument
[Package Manager] UpmClient::Send -- Unable to send message (not connected to UPM process).
[Package Manager] Cannot connect to Unity Package Manager local server
Mono: successfully reloaded assembly
- Finished resetting the current domain, in  1.126 seconds
Domain Reload Profiling: 1500ms
	BeginReloadAssembly (122ms)
		ExecutionOrderSort (0ms)
		DisableScriptedObjects (3ms)
		BackupInstance (0ms)
		ReleaseScriptingObjects (0ms)
		CreateAndSetChildDomain (28ms)
	RebuildCommonClasses (21ms)
	RebuildNativeTypeToScriptingClass (7ms)
	initialDomainReloadingComplete (22ms)
	LoadAllAssembliesAndSetupDomain (201ms)
		LoadAssemblies (247ms)
		RebuildTransferFunctionScriptingTraits (0ms)
		AnalyzeDomain (13ms)
			TypeCache.Refresh (6ms)
				TypeCache.ScanAssembly (0ms)
			ScanForSourceGeneratedMonoScriptInfo (0ms)
			ResolveRequiredComponents (6ms)
	FinalizeReload (1127ms)
		ReleaseScriptCaches (0ms)
		RebuildScriptCaches (0ms)
		SetupLoadedEditorAssemblies (634ms)
			LogAssemblyErrors (0ms)
			InitializePlatformSupportModulesInManaged (5ms)
			SetLoadedEditorAssemblies (5ms)
			RefreshPlugins (0ms)
			BeforeProcessingInitializeOnLoad (97ms)
			ProcessInitializeOnLoadAttributes (506ms)
			ProcessInitializeOnLoadMethodAttributes (16ms)
			AfterProcessingInitializeOnLoad (5ms)
			EditorAssembliesLoaded (0ms)
		ExecutionOrderSort2 (0ms)
		AwakeInstancesAfterBackupRestoration (5ms)
Refreshing native plugins compatible for Editor in 3.00 ms, found 3 plugins.
Preloading 0 native plugins for Editor in 0.00 ms.
Unloading 4217 Unused Serialized files (Serialized files now loaded: 0)
Unloading 28 unused Assets / (1.6 MB). Loaded Objects now: 4798.
Memory consumption went from 165.0 MB to 163.4 MB.
Total: 3.502900 ms (FindLiveObjects: 0.363200 ms CreateObjectMapping: 0.249700 ms MarkObjects: 2.557400 ms  DeleteObjects: 0.331400 ms)

Prepare: number of updated asset objects reloaded= 0
AssetImportParameters requested are different than current active one (requested -> active):
  custom:scripting/monoscript/fileName/ThirdPersonFollowCameraSideSwapper.cs: 3d0c0353da37a644751d3cb6ca4aff14 -> 
  custom:container-demuxer-ogg: 62fdf1f143b41e24485cea50d1cbac27 -> 
  custom:scripting/monoscript/fileName/LookAtTarget.cs: 0e592bd322fe600853561ba6f5915e5a -> 
  custom:scripting/monoscript/fileName/CustomInputHandler.cs: 1446e3ab805958b88ee5348104c318b5 -> 
  custom:video-codec-MediaFoundation-h265: 746d11721c4dcdbdad8f713fa42b33f4 -> 
  custom:scripting/monoscript/fileName/MagnetGroupController.cs: 86024daaa1e1eef4cbb8827d63e57da1 -> 
  custom:scripting/monoscript/fileName/PlayerBaseState.cs: aea07cd91730551fa0e2f53eebea7c48 -> 
  custom:scripting/monoscript/fileName/ShotQualityBasedOnSplineCartPosition.cs: 16b08fef5cdbe9d97b31bc8cae189676 -> 
  custom:video-decoder-ogg-theora: a1e56fd34408186e4bbccfd4996cb3dc -> 
  custom:framework-win-MediaFoundation: 216162199b28c13a410421893ffa2e32 -> 
  custom:scripting/monoscript/fileName/BaseState.cs: 04f2968b7012d48b1bf773827b2f16e5 -> 
  custom:scripting/monoscript/fileName/SamplesHelpUI.cs: 55d2bfb81401924c9d9884b6f39e2efb -> 
  custom:scripting/monoscript/fileName/PlayerController.cs: cc55364d79c05bf93e99b3c6a70b5b96 -> 
  custom:scripting/monoscript/fileName/GameControl.cs: 86ffa525d938373c377b52d185d6f4e7 -> 
  custom:CustomObjectIndexerAttribute: 9a22284fe3817be447336de3de66b15e -> 
  custom:scripting/monoscript/fileName/ReduceGroupWeightWhenBelowFloor.cs: 96276a9fce1e54dafa881a9fc9923ad7 -> 
  custom:scripting/monoscript/fileName/RigidbodyInterpolationSetter.cs: d4e3c1cbc6cc8593e57ab1f7e64ec3d5 -> 
  custom:scripting/monoscript/fileName/PlayerInputActions.cs: 849ed7f5b11c9db237ef61b01c5a5104 -> 
  custom:container-demuxer-webm: 4f35f7cbe854078d1ac9338744f61a02 -> 
  custom:scripting/monoscript/fileName/PlayerTestState.cs: 6d976d2e72d7a5e30856b3fa6bb4d98d -> 
  custom:scripting/monoscript/fileName/RunnerController.cs: da1de313eacfa0113219c7f5f1e0f4f6 -> 
  custom:scripting/monoscript/fileName/PlayerOnSurface.cs: 9074678f788ab1be7d402a66ee760352 -> 
  custom:scripting/monoscript/fileName/Transition.cs: dcc7f18d585a4fe0987f7e0e510b0836 -> 
  custom:scripting/monoscript/fileName/IPredicate.cs: 07d53ed118ee9a412bc3d6847fc4f37a -> 
  custom:scripting/monoscript/fileName/StateMachine.cs: 8e584953ad60e6358e1b21f4e25de5f5 -> 4752e958e06e35ed9c1224cc3c2fc022
  custom:scripting/monoscript/fileName/SpawnInRadius.cs: ac4ae323b928957f15f1e5a723752c21 -> 
  custom:container-muxer-webm: aa71ff27fc2769a1b78a27578f13a17b -> 
  custom:video-decoder-webm-vp8: 9c59270c3fd7afecdb556c50c9e8de78 -> 
  custom:scripting/monoscript/fileName/SimplePlayerController2D.cs: 3e95690048de60e9e92a664dc12126a5 -> 
  custom:scripting/monoscript/fileName/BlendStyleManager.cs: 6d7af3a02e1fde948fbee40e1f483a73 -> 
  custom:scripting/monoscript/fileName/PlayerCounter.cs: 151aeab7f48b9a09f242270a18b72de2 -> 
  custom:SearchIndexIgnoredProperties: e643bd26f0fe6173181afceb89e7c659 -> 
  custom:scripting/monoscript/fileName/DampedTracker.cs: e35a4095e146b062c72f97990cbfb31d -> 
  custom:scripting/monoscript/fileName/LockPosZ.cs: 2d7c7d3a65f9bbfeb5b1f3e59a967031 -> 
  custom:AudioImporter_EditorPlatform: d09bf68614088b80899f8185d706f6e7 -> 
  custom:scripting/monoscript/fileName/ConstantOrbitalRotation.cs: 96487c06dc65fcfabcf6fda4575c56e2 -> 
  custom:scripting/monoscript/fileName/AimTargetManager.cs: 88049f9cbd06fc396fe6ec995e05f2fa -> 
  custom:scripting/monoscript/fileName/Platformer Camera 2D.cs: c03214da75cbc0d28175ee33a42916b0 -> 
  custom:scripting/monoscript/fileName/SamplesDynamicUI.cs: ebfafd0b024bb989f7ce016561d00745 -> 
  custom:scripting/monoscript/fileName/IState.cs: baa2f6109004daa70bf64ca96c12a0a4 -> 7c9ac2e53b292d01497d551b0f0e43bc
  custom:scripting/monoscript/fileName/ITransition.cs: 2386f406c0be7774a6aa0700e123d993 -> 
  custom:scripting/monoscript/fileName/LocomotionState.cs: 693a0c579b98f19d84e44a75622d100f -> 
  custom:scripting/monoscript/fileName/InputReader.cs: de094986e3fa8f1ad31a563097a96529 -> 
  custom:scripting/monoscript/fileName/Magnet.cs: d638a8a6427bc5b708d6e5d401f65d9b -> 
  custom:scripting/monoscript/fileName/RandomizedDollySpeed.cs: 24091cbccffa659569093f0485d5529b -> 
  custom:scripting/monoscript/fileName/CinemachineFadeOutShaderController.cs: f4b608344164a01c1372963cf610f4d0 -> 
  custom:scripting/monoscript/fileName/FuncPredicate.cs: 9251d4c9e2750e66bf4e6ace2ff4f417 -> 
  custom:video-encoder-webm-vp8: eb34c28f22e8b96e1ab97ce403110664 -> 
  custom:scripting/monoscript/fileName/SimpleBullet.cs: e227e552e31a3de77cb7e6144b673011 -> 
  custom:scripting/monoscript/fileName/FlyAround.cs: c36cb7a023d6504d693088efaf4647b8 -> 
  custom:scripting/monoscript/fileName/ReparentPlayerToSurface.cs: 2456e1d048056972475a9b0326b804cd -> 
  custom:audio-decoder-ogg-vorbis: bf7c407c2cedff20999df2af8eb42d56 -> 
  custom:scripting/monoscript/fileName/PlayerObjectPickup.cs: 613d1d315d63fe643498dff93ca9acb7 -> 
  custom:scripting/monoscript/fileName/TurnAroundPlayer.cs: 5af3301acf43e9c688787f72cc9c9322 -> 
  custom:scripting/monoscript/fileName/AimCameraRig.cs: 186c2c8b55fb25e79adb66892d595e57 -> 
  custom:audio-encoder-webm-vorbis: bf7c407c2cedff20999df2af8eb42d56 -> 
  custom:scripting/monoscript/fileName/SimpleCarController.cs: a7bc186c75e87633cd4b0277029a7397 -> 
  custom:scripting/monoscript/fileName/PlayerInitializer.cs: b81021c616eaec17787c66ed3cc2059d -> 
  custom:scripting/monoscript/fileName/CursorLockManager.cs: 100526abb0f23ac6d1a839b546fd2b4f -> 
  custom:scripting/monoscript/fileName/SimplePlayerShoot.cs: 454d0ca070f39d499845656791b182ac -> 
  custom:scripting/precompiled-assembly-types:Assembly-CSharp: 640350d27f8bb4a1c4aba4f524351211 -> 
  custom:scripting/monoscript/fileName/SimplePlayerController.cs: 697cd93229fcf5a9553182e50f80169d -> 
  custom:scripting/monoscript/fileName/SimplePlayerAnimator.cs: 7bd5c3cd5d6c77eced4f7ade5f33d142 -> 
  custom:scripting/monoscript/fileName/WrapAround.cs: c1196f7b76a52d137eb29f70f18e112c -> 
  custom:scripting/monoscript/fileName/SimplePlayerAimController.cs: 00b222f030979d5c5379dd71fbeb4087 -> 
  custom:scripting/monoscript/fileName/ExpandingAimReticle.cs: f10370956ef1370140bf1504e5972872 -> 
  custom:scripting/monoscript/fileName/MixCamerasBasedOnSpeed.cs: 4bc1882512d1b5e155e7bae125c4e55b -> 
